# JRE version: OpenJDK Runtime Environment Temurin-17.0.1+12 (17.0.1+12) (build 17.0.1+12)
# Java VM: OpenJDK 64-Bit Server VM Temurin-17.0.1+12 (17.0.1+12, mixed mode, tiered, compressed oops, compressed class ptrs, g1 gc, windows-amd64)
GC Precious Log:
 CPUs: 16 total, 16 available
 Memory: 16126M
 Large Page Support: Disabled
 NUMA Support: Disabled
 Compressed Oops: Enabled (Zero based)
 Heap Region Size: 2M
 Heap Min Capacity: 8M
 Heap Initial Capacity: 252M
 Heap Max Capacity: 4032M
 Pre-touch: Disabled
 Parallel Workers: 13
 Concurrent Workers: 3
 Concurrent Refinement Workers: 13
 Periodic GC: Disabled
Heap:
 garbage-first heap   total 96256K, used 26205K [0x0000000704000000, 0x0000000800000000)
  region size 2048K, 3 young (6144K), 1 survivors (2048K)
 Metaspace       used 21506K, committed 21760K, reserved 1073152K
  class space    used 2413K, committed 2560K, reserved 1048576K
GC Heap History (20 events):
Event: 35.071 GC heap before
{Heap before GC invocations=68 (full 0):
 garbage-first heap   total 161792K, used 70589K [0x0000000704000000, 0x0000000800000000)
  region size 2048K, 3 young (6144K), 1 survivors (2048K)
 Metaspace       used 21427K, committed 21696K, reserved 1073152K
  class space    used 2407K, committed 2560K, reserved 1048576K
}
Event: 35.072 GC heap after
{Heap after GC invocations=69 (full 0):
 garbage-first heap   total 161792K, used 27587K [0x0000000704000000, 0x0000000800000000)
  region size 2048K, 1 young (2048K), 1 survivors (2048K)
 Metaspace       used 21427K, committed 21696K, reserved 1073152K
  class space    used 2407K, committed 2560K, reserved 1048576K
}
Event: 35.434 GC heap before
{Heap before GC invocations=69 (full 0):
 garbage-first heap   total 161792K, used 70595K [0x0000000704000000, 0x0000000800000000)
  region size 2048K, 3 young (6144K), 1 survivors (2048K)
 Metaspace       used 21428K, committed 21696K, reserved 1073152K
  class space    used 2407K, committed 2560K, reserved 1048576K
}
Event: 35.435 GC heap after
{Heap after GC invocations=70 (full 0):
 garbage-first heap   total 161792K, used 27581K [0x0000000704000000, 0x0000000800000000)
  region size 2048K, 1 young (2048K), 1 survivors (2048K)
 Metaspace       used 21428K, committed 21696K, reserved 1073152K
  class space    used 2407K, committed 2560K, reserved 1048576K
}
Event: 35.807 GC heap before
{Heap before GC invocations=70 (full 0):
 garbage-first heap   total 161792K, used 72637K [0x0000000704000000, 0x0000000800000000)
  region size 2048K, 3 young (6144K), 1 survivors (2048K)
 Metaspace       used 21428K, committed 21696K, reserved 1073152K
  class space    used 2407K, committed 2560K, reserved 1048576K
}
Event: 35.808 GC heap after
{Heap after GC invocations=71 (full 0):
 garbage-first heap   total 161792K, used 27587K [0x0000000704000000, 0x0000000800000000)
  region size 2048K, 1 young (2048K), 1 survivors (2048K)
 Metaspace       used 21428K, committed 21696K, reserved 1073152K
  class space    used 2407K, committed 2560K, reserved 1048576K
}
Event: 36.178 GC heap before
{Heap before GC invocations=71 (full 0):
 garbage-first heap   total 161792K, used 72643K [0x0000000704000000, 0x0000000800000000)
  region size 2048K, 3 young (6144K), 1 survivors (2048K)
 Metaspace       used 21451K, committed 21696K, reserved 1073152K
  class space    used 2412K, committed 2560K, reserved 1048576K
}
Event: 36.179 GC heap after
{Heap after GC invocations=72 (full 0):
 garbage-first heap   total 161792K, used 27604K [0x0000000704000000, 0x0000000800000000)
  region size 2048K, 1 young (2048K), 1 survivors (2048K)
 Metaspace       used 21451K, committed 21696K, reserved 1073152K
  class space    used 2412K, committed 2560K, reserved 1048576K
}
Event: 36.478 GC heap before
{Heap before GC invocations=72 (full 0):
 garbage-first heap   total 161792K, used 72660K [0x0000000704000000, 0x0000000800000000)
  region size 2048K, 3 young (6144K), 1 survivors (2048K)
 Metaspace       used 21451K, committed 21696K, reserved 1073152K
  class space    used 2412K, committed 2560K, reserved 1048576K
}
Event: 36.479 GC heap after
{Heap after GC invocations=73 (full 0):
 garbage-first heap   total 161792K, used 27604K [0x0000000704000000, 0x0000000800000000)
  region size 2048K, 1 young (2048K), 1 survivors (2048K)
 Metaspace       used 21451K, committed 21696K, reserved 1073152K
  class space    used 2412K, committed 2560K, reserved 1048576K
}
Event: 36.717 GC heap before
{Heap before GC invocations=73 (full 0):
 garbage-first heap   total 161792K, used 72660K [0x0000000704000000, 0x0000000800000000)
  region size 2048K, 3 young (6144K), 1 survivors (2048K)
 Metaspace       used 21451K, committed 21696K, reserved 1073152K
  class space    used 2412K, committed 2560K, reserved 1048576K
}
Event: 36.718 GC heap after
{Heap after GC invocations=74 (full 0):
 garbage-first heap   total 161792K, used 27606K [0x0000000704000000, 0x0000000800000000)
  region size 2048K, 1 young (2048K), 1 survivors (2048K)
 Metaspace       used 21451K, committed 21696K, reserved 1073152K
  class space    used 2412K, committed 2560K, reserved 1048576K
}
Event: 36.936 GC heap before
{Heap before GC invocations=74 (full 0):
 garbage-first heap   total 161792K, used 72662K [0x0000000704000000, 0x0000000800000000)
  region size 2048K, 3 young (6144K), 1 survivors (2048K)
 Metaspace       used 21451K, committed 21696K, reserved 1073152K
  class space    used 2412K, committed 2560K, reserved 1048576K
}
Event: 36.937 GC heap after
{Heap after GC invocations=75 (full 0):
 garbage-first heap   total 161792K, used 27606K [0x0000000704000000, 0x0000000800000000)
  region size 2048K, 1 young (2048K), 1 survivors (2048K)
 Metaspace       used 21451K, committed 21696K, reserved 1073152K
  class space    used 2412K, committed 2560K, reserved 1048576K
}
Event: 37.184 GC heap before
{Heap before GC invocations=75 (full 0):
 garbage-first heap   total 161792K, used 72662K [0x0000000704000000, 0x0000000800000000)
  region size 2048K, 5 young (10240K), 1 survivors (2048K)
 Metaspace       used 21451K, committed 21696K, reserved 1073152K
  class space    used 2412K, committed 2560K, reserved 1048576K
}
Event: 37.185 GC heap after
{Heap after GC invocations=76 (full 0):
 garbage-first heap   total 161792K, used 30628K [0x0000000704000000, 0x0000000800000000)
  region size 2048K, 2 young (4096K), 2 survivors (4096K)
 Metaspace       used 21451K, committed 21696K, reserved 1073152K
  class space    used 2412K, committed 2560K, reserved 1048576K
}
Event: 37.583 GC heap before
{Heap before GC invocations=77 (full 0):
 garbage-first heap   total 96256K, used 87972K [0x0000000704000000, 0x0000000800000000)
  region size 2048K, 5 young (10240K), 2 survivors (4096K)
 Metaspace       used 21461K, committed 21696K, reserved 1073152K
  class space    used 2412K, committed 2560K, reserved 1048576K
}
Event: 37.584 GC heap after
{Heap after GC invocations=78 (full 0):
 garbage-first heap   total 96256K, used 17368K [0x0000000704000000, 0x0000000800000000)
  region size 2048K, 1 young (2048K), 1 survivors (2048K)
 Metaspace       used 21461K, committed 21696K, reserved 1073152K
  class space    used 2412K, committed 2560K, reserved 1048576K
}
Event: 37.980 GC heap before
{Heap before GC invocations=78 (full 0):
 garbage-first heap   total 96256K, used 68568K [0x0000000704000000, 0x0000000800000000)
  region size 2048K, 2 young (4096K), 1 survivors (2048K)
 Metaspace       used 21483K, committed 21760K, reserved 1073152K
  class space    used 2413K, committed 2560K, reserved 1048576K
}
Event: 37.981 GC heap after
{Heap after GC invocations=79 (full 0):
 garbage-first heap   total 96256K, used 13917K [0x0000000704000000, 0x0000000800000000)
  region size 2048K, 1 young (2048K), 1 survivors (2048K)
 Metaspace       used 21483K, committed 21760K, reserved 1073152K
  class space    used 2413K, committed 2560K, reserved 1048576K
}

