# JRE version: OpenJDK Runtime Environment Temurin-17.0.1+12 (17.0.1+12) (build 17.0.1+12)
# Java VM: OpenJDK 64-Bit Server VM Temurin-17.0.1+12 (17.0.1+12, mixed mode, tiered, compressed oops, compressed class ptrs, g1 gc, windows-amd64)
GC Precious Log:
 CPUs: 16 total, 16 available
 Memory: 16126M
 Large Page Support: Disabled
 NUMA Support: Disabled
 Compressed Oops: Enabled (Zero based)
 Heap Region Size: 2M
 Heap Min Capacity: 8M
 Heap Initial Capacity: 252M
 Heap Max Capacity: 4032M
 Pre-touch: Disabled
 Parallel Workers: 13
 Concurrent Workers: 3
 Concurrent Refinement Workers: 13
 Periodic GC: Disabled
Heap:
 garbage-first heap   total 258048K, used 17036K [0x0000000704000000, 0x0000000800000000)
  region size 2048K, 8 young (16384K), 3 survivors (6144K)
 Metaspace       used 20912K, committed 21120K, reserved 1073152K
  class space    used 2401K, committed 2496K, reserved 1048576K
GC Heap History (6 events):
Event: 0.595 GC heap before
{Heap before GC invocations=0 (full 0):
 garbage-first heap   total 258048K, used 20480K [0x0000000704000000, 0x0000000800000000)
  region size 2048K, 11 young (22528K), 0 survivors (0K)
 Metaspace       used 12374K, committed 12544K, reserved 1064960K
  class space    used 1238K, committed 1344K, reserved 1048576K
}
Event: 0.597 GC heap after
{Heap after GC invocations=1 (full 0):
 garbage-first heap   total 258048K, used 3514K [0x0000000704000000, 0x0000000800000000)
  region size 2048K, 2 young (4096K), 2 survivors (4096K)
 Metaspace       used 12374K, committed 12544K, reserved 1064960K
  class space    used 1238K, committed 1344K, reserved 1048576K
}
Event: 3.077 GC heap before
{Heap before GC invocations=1 (full 0):
 garbage-first heap   total 258048K, used 36282K [0x0000000704000000, 0x0000000800000000)
  region size 2048K, 18 young (36864K), 2 survivors (4096K)
 Metaspace       used 20735K, committed 20928K, reserved 1073152K
  class space    used 2401K, committed 2496K, reserved 1048576K
}
Event: 3.080 GC heap after
{Heap after GC invocations=2 (full 0):
 garbage-first heap   total 258048K, used 11145K [0x0000000704000000, 0x0000000800000000)
  region size 2048K, 3 young (6144K), 3 survivors (6144K)
 Metaspace       used 20735K, committed 20928K, reserved 1073152K
  class space    used 2401K, committed 2496K, reserved 1048576K
}
Event: 11.878 GC heap before
{Heap before GC invocations=2 (full 0):
 garbage-first heap   total 258048K, used 129929K [0x0000000704000000, 0x0000000800000000)
  region size 2048K, 62 young (126976K), 3 survivors (6144K)
 Metaspace       used 20912K, committed 21120K, reserved 1073152K
  class space    used 2401K, committed 2496K, reserved 1048576K
}
Event: 11.879 GC heap after
{Heap after GC invocations=3 (full 0):
 garbage-first heap   total 258048K, used 10892K [0x0000000704000000, 0x0000000800000000)
  region size 2048K, 3 young (6144K), 3 survivors (6144K)
 Metaspace       used 20912K, committed 21120K, reserved 1073152K
  class space    used 2401K, committed 2496K, reserved 1048576K
}

